2016-05-18 16:44:27 :exec country url is http://place.qyer.com/afghanistan/citylist-0-0-1/
2016-05-18 17:24:50 :exec country url is http://place.qyer.com/afghanistan/citylist-0-0-1/
2016-05-18 17:25:29 :exec country url is http://place.qyer.com/afghanistan/citylist-0-0-1/
2016-05-18 17:27:38 :exec country url is http://place.qyer.com/afghanistan/citylist-0-0-1/
2016-05-18 17:28:39 :exec country url is http://place.qyer.com/afghanistan/citylist-0-0-1/
2016-05-18 17:29:13 :exec country url is http://place.qyer.com/afghanistan/citylist-0-0-1/
2016-05-18 17:29:41 :exec country url is http://place.qyer.com/afghanistan/citylist-0-0-1/
2016-05-18 17:34:14 :exec country url is http://place.qyer.com/afghanistan/citylist-0-0-1/
2016-05-18 17:37:14 :exec country url is http://place.qyer.com/afghanistan/citylist-0-0-1/
2016-05-18 17:42:04 :exec country url is http://place.qyer.com/afghanistan/citylist-0-0-1/
2016-05-18 17:44:08 :exec country url is http://place.qyer.com/afghanistan/citylist-0-0-1/
2016-05-18 17:46:20 :exec country url is http://place.qyer.com/afghanistan/citylist-0-0-1/
2016-05-18 17:47:44 :exec country url is http://place.qyer.com/afghanistan/citylist-0-0-1/
2016-05-18 17:50:47 :exec country url is http://place.qyer.com/afghanistan/citylist-0-0-1/
2016-05-18 17:53:46 :exec country url is http://place.qyer.com/afghanistan/citylist-0-0-1/
2016-05-18 18:13:02 :exec country url is http://place.qyer.com/afghanistan/citylist-0-0-1/
2016-05-18 18:14:10 :exec country url is http://place.qyer.com/afghanistan/citylist-0-0-1/
2016-05-18 18:50:50 :exec country url is http://place.qyer.com/bahrain/citylist-0-0-1/
2016-05-18 18:50:50 :exec country url is http://place.qyer.com/east-timor/citylist-0-0-1/
2016-05-18 18:50:50 :exec country url is http://place.qyer.com/palestine/citylist-0-0-1/
2016-05-18 18:50:50 :exec country url is http://place.qyer.com/afghanistan/citylist-0-0-1/
2016-05-18 18:50:50 :exec country url is http://place.qyer.com/north-korea/citylist-0-0-1/
2016-05-18 18:50:50 :exec country url is http://place.qyer.com/bhutan/citylist-0-0-1/
2016-05-18 18:50:50 :exec country url is http://place.qyer.com/oman/citylist-0-0-1/
2016-05-18 18:50:50 :exec country url is http://place.qyer.com/pakistan/citylist-0-0-1/
2016-05-18 18:50:51 :exec country url is http://place.qyer.com/kyrgyzstan/citylist-0-0-1/
2016-05-18 18:50:51 :exec country url is http://place.qyer.com/qatar/citylist-0-0-1/
2016-05-18 18:50:51 :exec country url is http://place.qyer.com/kuwait/citylist-0-0-1/
2016-05-18 18:50:51 :exec country url is http://place.qyer.com/kazakhstan/citylist-0-0-1/
2016-05-18 18:50:51 :exec country url is http://place.qyer.com/lebanon/citylist-0-0-1/
2016-05-18 18:50:51 :exec country url is http://place.qyer.com/mongolia/citylist-0-0-1/
2016-05-18 18:50:51 :exec country url is http://place.qyer.com/saudi-arabia/citylist-0-0-1/
2016-05-18 18:50:51 :exec country url is http://place.qyer.com/bangladesh/citylist-0-0-1/
2016-05-18 18:50:51 :exec country url is http://place.qyer.com/turkmenistan/citylist-0-0-1/
2016-05-18 18:50:51 :exec country url is http://place.qyer.com/brunei/citylist-0-0-1/
2016-05-18 18:50:52 :exec country url is http://place.qyer.com/tajikistan/citylist-0-0-1/
2016-05-18 18:50:52 :exec country url is http://place.qyer.com/syria/citylist-0-0-1/
2016-05-18 18:50:52 :exec country url is http://place.qyer.com/uzbekistan/citylist-0-0-1/
2016-05-18 18:50:52 :exec country url is http://place.qyer.com/yemen/citylist-0-0-1/
2016-05-18 18:50:52 :exec country url is http://place.qyer.com/iraq/citylist-0-0-1/
2016-05-18 18:50:52 :exec country url is http://place.qyer.com/pakistan/citylist-0-0-2/
2016-05-18 18:50:52 :exec country url is http://place.qyer.com/jordan/citylist-0-0-1/
2016-05-18 18:50:52 :exec country url is http://place.qyer.com/pakistan/citylist-0-0-1/
2016-05-18 18:50:53 :exec country url is http://place.qyer.com/kazakhstan/citylist-0-0-2/
2016-05-18 18:50:53 :exec country url is http://place.qyer.com/kazakhstan/citylist-0-0-1/
2016-05-18 18:50:53 :exec country url is http://place.qyer.com/iran/citylist-0-0-1/
2016-05-18 18:50:53 :exec country url is http://place.qyer.com/israel/citylist-0-0-1/
2016-05-18 18:51:53 :exec country url is http://place.qyer.com/israel/citylist-0-0-1/
2016-05-18 18:55:17 :exec country url is http://place.qyer.com/iran/citylist-0-0-1/
2016-05-18 18:59:11 :exec country url is http://place.qyer.com/iran/citylist-0-0-1/
2016-05-18 18:59:34 :exec country url is http://place.qyer.com/iran/citylist-0-0-1/
2016-05-18 18:59:55 :exec country url is http://place.qyer.com/iran/citylist-0-0-1/
2016-05-18 19:03:36 :exec country url is http://place.qyer.com/iran/citylist-0-0-1/
